<?xml version="1.0" encoding="UTF-8"?>
<!-- Generated by org.testng.reporters.JUnitXMLReporter -->
<testsuite hostname="Dell" name="Test" tests="9" failures="3" timestamp="14 Jan 2016 01:24:08 GMT" time="114.004" errors="0">
  <testcase name="addcart" time="19.709" classname="sceanrios_TCs.Cart_Scenario"/>
  <testcase name="deletecart" time="15.783" classname="sceanrios_TCs.Cart_Scenario"/>
  <testcase name="invalidSearch" time="11.725" classname="sceanrios_TCs.Search_Scenario"/>
  <testcase name="validSearch" time="12.564" classname="sceanrios_TCs.Search_Scenario">
    <failure type="java.lang.AssertionError" message="The following asserts failed:
	The actual found is 491 The expected is 495 expected [495] but found [491]">
      <![CDATA[java.lang.AssertionError: The following asserts failed:
	The actual found is 491 The expected is 495 expected [495] but found [491]
	at sceanrios_TCs.Search_Scenario.validSearch(Unknown Source)
... Removed 24 stack frames]]>
    </failure>
  </testcase> <!-- validSearch -->
  <testcase name="validSearch" time="12.064" classname="sceanrios_TCs.Search_Scenario">
    <failure type="java.lang.AssertionError" message="The following asserts failed:
	The actual found is 414 The expected is 428 expected [428] but found [414]">
      <![CDATA[java.lang.AssertionError: The following asserts failed:
	The actual found is 414 The expected is 428 expected [428] but found [414]
	at sceanrios_TCs.Search_Scenario.validSearch(Unknown Source)
... Removed 24 stack frames]]>
    </failure>
  </testcase> <!-- validSearch -->
  <testcase name="validSearch" time="10.044" classname="sceanrios_TCs.Search_Scenario">
    <failure type="java.lang.AssertionError" message="The following asserts failed:
	The actual found is 6 The expected is 4 expected [4] but found [6]">
      <![CDATA[java.lang.AssertionError: The following asserts failed:
	The actual found is 6 The expected is 4 expected [4] but found [6]
	at sceanrios_TCs.Search_Scenario.validSearch(Unknown Source)
... Removed 24 stack frames]]>
    </failure>
  </testcase> <!-- validSearch -->
  <testcase name="avalid_login" time="10.705" classname="sceanrios_TCs.Login_Scenario"/>
  <testcase name="invalid_login" time="10.858" classname="sceanrios_TCs.Login_Scenario"/>
  <testcase name="invalid_login" time="9.64" classname="sceanrios_TCs.Login_Scenario"/>
</testsuite> <!-- Test -->
